<?xml version="1.0" encoding="UTF-8"?>
<!-- Generated by org.testng.reporters.JUnitXMLReporter -->
<testsuite ignored="0" hostname="USBLRAFSAU3" failures="0" tests="6" name="AllTests" time="19.29" errors="0" timestamp="2026-04-02T16:59:47 IST">
  <testcase classname="test.AuthTest" name="generateToken" time="10.631"/>
  <testcase classname="test.CreateBookingTest" name="testCreateBooking" time="1.268"/>
  <testcase classname="test.GetBookingTest" name="getFirstBookingTest" time="1.553"/>
  <testcase classname="test.UpdateBookingTest" name="updateBookingTest" time="2.784"/>
  <testcase classname="test.UpdatePartialTest" name="partialUpdate" time="1.45"/>
  <testcase classname="test.DeleteBookingTest" name="deleteBooking" time="1.38"/>
</testsuite> <!-- AllTests -->
