<?xml version="1.0" encoding="UTF-8"?>
<testsuite xmlns:xsi="http://www.w3.org/2001/XMLSchema-instance" xsi:noNamespaceSchemaLocation="https://maven.apache.org/surefire/maven-surefire-plugin/xsd/surefire-test-report.xsd" version="3.0.2" name="TestSuite" time="23.003" tests="6" errors="0" skipped="0" failures="0" flakes="0">
  <properties>
[...]
</properties>
  <testcase name="generateToken" classname="test.AuthTest" time="10.74">
    <system-out><![CDATA[Request method:	POST
Request URI:	https://restful-booker.herokuapp.com/auth
Proxy:			<none>
Request params:	<none>
Query params:	<none>
Form params:	<none>
Path params:	<none>
Headers:		Accept=*/*
				Content-Type=application/json
Cookies:		<none>
Multiparts:		<none>
Body:
src\test\resources\AuthFile.json
Auth Token Is: c3cbb9da54d4819
]]></system-out>
  </testcase>
  <testcase name="testCreateBooking" classname="test.CreateBookingTest" time="1.268">
    <system-out><![CDATA[Request method:	POST
Request URI:	https://restful-booker.herokuapp.com/booking
Proxy:			<none>
Request params:	<none>
Query params:	<none>
Form params:	<none>
Path params:	<none>
Headers:		Accept=*/*
				Content-Type=application/json
Cookies:		<none>
Multiparts:		<none>
Body:
src\test\resources\CreateUser.json
{"bookingid":4613,"booking":{"firstname":"Jim","lastname":"Brown","totalprice":111,"depositpaid":true,"bookingdates":{"checkin":"2018-01-01","checkout":"2019-01-01"},"additionalneeds":"Breakfast"}}
4613
Booking Id: 4613
]]></system-out>
  </testcase>
  <testcase name="getFirstBookingTest" classname="test.GetBookingTest" time="1.557">
    <system-out><![CDATA[Request method:	GET
Request URI:	https://restful-booker.herokuapp.com/booking/4613
Proxy:			<none>
Request params:	<none>
Query params:	<none>
Form params:	<none>
Path params:	<none>
Headers:		Accept=*/*
Cookies:		<none>
Multiparts:		<none>
Body:			<none>
{"firstname":"Jim","lastname":"Brown","totalprice":111,"depositpaid":true,"bookingdates":{"checkin":"2018-01-01","checkout":"2019-01-01"},"additionalneeds":"Breakfast"}
FistName: Jim
2018-01-01
]]></system-out>
  </testcase>
  <testcase name="updateBookingTest" classname="test.UpdateBookingTest" time="2.783">
    <system-out><![CDATA[Request method:	POST
Request URI:	https://restful-booker.herokuapp.com/auth
Proxy:			<none>
Request params:	<none>
Query params:	<none>
Form params:	<none>
Path params:	<none>
Headers:		Accept=*/*
				Content-Type=application/json
Cookies:		<none>
Multiparts:		<none>
Body:
src\test\resources\AuthFile.json
Token Generated : ebe3b4f27a3ce36
Update Booking Page token: ebe3b4f27a3ce36
Request method:	PUT
Request URI:	https://restful-booker.herokuapp.com/booking/4613
Proxy:			<none>
Request params:	<none>
Query params:	<none>
Form params:	<none>
Path params:	<none>
Headers:		Accept=application/json
				Content-Type=application/json
Cookies:		token=ebe3b4f27a3ce36
Multiparts:		<none>
Body:
src\test\resources\UpdateUser.json
{"firstname":"Afsal","lastname":"Rehman","totalprice":111,"depositpaid":true,"bookingdates":{"checkin":"2018-01-01","checkout":"2019-01-01"},"additionalneeds":"Breakfast"}
Afsal
]]></system-out>
  </testcase>
  <testcase name="partialUpdate" classname="test.UpdatePartialTest" time="1.453">
    <system-out><![CDATA[Token Already Existsebe3b4f27a3ce36
Request method:	PATCH
Request URI:	https://restful-booker.herokuapp.com/booking/4613
Proxy:			<none>
Request params:	<none>
Query params:	<none>
Form params:	<none>
Path params:	<none>
Headers:		Accept=application/json
				Content-Type=application/json
Cookies:		token=ebe3b4f27a3ce36
Multiparts:		<none>
Body:
src\test\resources\PartialUpdate.json
{"firstname":"Afsal","lastname":"Rehman","totalprice":786,"depositpaid":false,"bookingdates":{"checkin":"2018-01-01","checkout":"2019-01-01"},"additionalneeds":"Lunch"}
786
false
Lunch
]]></system-out>
  </testcase>
  <testcase name="deleteBooking" classname="test.DeleteBookingTest" time="1.382">
    <system-out><![CDATA[Token Already Existsebe3b4f27a3ce36
bookingId: 4613
Request method:	DELETE
Request URI:	https://restful-booker.herokuapp.com/booking/4613
Proxy:			<none>
Request params:	<none>
Query params:	<none>
Form params:	<none>
Path params:	<none>
Headers:		Accept=*/*
				Content-Type=application/json
Cookies:		token=ebe3b4f27a3ce36
Multiparts:		<none>
Body:			<none>
4613: Booking Deleted Successfully
]]></system-out>
  </testcase>
</testsuite>