<?xml version="1.0" encoding="UTF-8"?>
<testng-results ignored="0" total="6" passed="6" failed="0" skipped="0">
  <reporter-output>
  </reporter-output>
  <suite started-at="2026-04-02T16:59:28 IST" name="RestfulBookerSuite" finished-at="2026-04-02T16:59:47 IST" duration-ms="19290">
    <groups>
    </groups>
    <test started-at="2026-04-02T16:59:28 IST" name="AllTests" finished-at="2026-04-02T16:59:47 IST" duration-ms="19290">
      <class name="test.DeleteBookingTest">
        <test-method signature="deleteBooking()[pri:5, instance:test.DeleteBookingTest@3a095ec0]" started-at="2026-04-02T16:59:46 IST" name="deleteBooking" finished-at="2026-04-02T16:59:47 IST" duration-ms="1380" status="PASS">
          <reporter-output>
          </reporter-output>
        </test-method> <!-- deleteBooking -->
      </class> <!-- test.DeleteBookingTest -->
      <class name="test.CreateBookingTest">
        <test-method signature="testCreateBooking()[pri:1, instance:test.CreateBookingTest@201aa8c1]" started-at="2026-04-02T16:59:39 IST" name="testCreateBooking" finished-at="2026-04-02T16:59:40 IST" duration-ms="1268" status="PASS">
          <reporter-output>
          </reporter-output>
        </test-method> <!-- testCreateBooking -->
      </class> <!-- test.CreateBookingTest -->
      <class name="test.UpdatePartialTest">
        <test-method signature="partialUpdate()[pri:3, instance:test.UpdatePartialTest@52a36910]" started-at="2026-04-02T16:59:44 IST" name="partialUpdate" finished-at="2026-04-02T16:59:46 IST" duration-ms="1450" status="PASS">
          <reporter-output>
          </reporter-output>
        </test-method> <!-- partialUpdate -->
      </class> <!-- test.UpdatePartialTest -->
      <class name="test.GetBookingTest">
        <test-method signature="getFirstBookingTest()[pri:4, instance:test.GetBookingTest@21f9277b]" started-at="2026-04-02T16:59:40 IST" name="getFirstBookingTest" finished-at="2026-04-02T16:59:42 IST" depends-on-methods="testCreateBooking" duration-ms="1553" status="PASS">
          <reporter-output>
          </reporter-output>
        </test-method> <!-- getFirstBookingTest -->
      </class> <!-- test.GetBookingTest -->
      <class name="test.AuthTest">
        <test-method signature="generateToken()[pri:0, instance:test.AuthTest@4905c46b]" started-at="2026-04-02T16:59:28 IST" name="generateToken" finished-at="2026-04-02T16:59:39 IST" duration-ms="10631" status="PASS">
          <reporter-output>
          </reporter-output>
        </test-method> <!-- generateToken -->
      </class> <!-- test.AuthTest -->
      <class name="test.BaseTest">
        <test-method is-config="true" signature="setUp()[pri:0, instance:test.BaseTest@6d2d99fc]" started-at="2026-04-02T16:59:27 IST" name="setUp" finished-at="2026-04-02T16:59:28 IST" duration-ms="1298" status="PASS">
          <reporter-output>
          </reporter-output>
        </test-method> <!-- setUp -->
      </class> <!-- test.BaseTest -->
      <class name="test.UpdateBookingTest">
        <test-method signature="updateBookingTest()[pri:2, instance:test.UpdateBookingTest@5d58c727]" started-at="2026-04-02T16:59:42 IST" name="updateBookingTest" finished-at="2026-04-02T16:59:44 IST" duration-ms="2784" status="PASS">
          <reporter-output>
          </reporter-output>
        </test-method> <!-- updateBookingTest -->
      </class> <!-- test.UpdateBookingTest -->
    </test> <!-- AllTests -->
  </suite> <!-- RestfulBookerSuite -->
</testng-results>
